This is pdfTeX, Version 3.1415926-2.4-1.40.13 (MiKTeX 2.9 64-bit) (preloaded format=pdflatex 2013.4.16)  4 AUG 2013 23:07
entering extended mode
**static-analysis.tex
("E:\Bachelor\LaTeX\Static Analysis source\static-analysis.tex"
LaTeX2e <2011/06/27>
Babel <v3.8m> and hyphenation patterns for english, afrikaans, ancientgreek, ar
abic, armenian, assamese, basque, bengali, bokmal, bulgarian, catalan, coptic, 
croatian, czech, danish, dutch, esperanto, estonian, farsi, finnish, french, ga
lician, german, german-x-2012-05-30, greek, gujarati, hindi, hungarian, iceland
ic, indonesian, interlingua, irish, italian, kannada, kurmanji, latin, latvian,
 lithuanian, malayalam, marathi, mongolian, mongolianlmc, monogreek, ngerman, n
german-x-2012-05-30, nynorsk, oriya, panjabi, pinyin, polish, portuguese, roman
ian, russian, sanskrit, serbian, slovak, slovenian, spanish, swedish, swissgerm
an, tamil, telugu, turkish, turkmen, ukenglish, ukrainian, uppersorbian, usengl
ishmax, welsh, loaded.
("C:\Program Files\MiKTeX 2.9\tex\latex\base\report.cls"
Document Class: report 2007/10/19 v1.4h Standard LaTeX document class
("C:\Program Files\MiKTeX 2.9\tex\latex\base\size11.clo"
File: size11.clo 2007/10/19 v1.4h Standard LaTeX file (size option)
)
\c@part=\count79
\c@chapter=\count80
\c@section=\count81
\c@subsection=\count82
\c@subsubsection=\count83
\c@paragraph=\count84
\c@subparagraph=\count85
\c@figure=\count86
\c@table=\count87
\abovecaptionskip=\skip41
\belowcaptionskip=\skip42
\bibindent=\dimen102
)
("C:\Program Files\MiKTeX 2.9\tex\latex\geometry\geometry.sty"
Package: geometry 2010/09/12 v5.6 Page Geometry

("C:\Program Files\MiKTeX 2.9\tex\latex\graphics\keyval.sty"
Package: keyval 1999/03/16 v1.13 key=value parser (DPC)
\KV@toks@=\toks14
)
("C:\Program Files\MiKTeX 2.9\tex\generic\oberdiek\ifpdf.sty"
Package: ifpdf 2011/01/30 v2.3 Provides the ifpdf switch (HO)
Package ifpdf Info: pdfTeX in PDF mode is detected.
)
("C:\Program Files\MiKTeX 2.9\tex\generic\oberdiek\ifvtex.sty"
Package: ifvtex 2010/03/01 v1.5 Detect VTeX and its facilities (HO)
Package ifvtex Info: VTeX not detected.
)
("C:\Program Files\MiKTeX 2.9\tex\generic\ifxetex\ifxetex.sty"
Package: ifxetex 2010/09/12 v0.6 Provides ifxetex conditional
)
\Gm@cnth=\count88
\Gm@cntv=\count89
\c@Gm@tempcnt=\count90
\Gm@bindingoffset=\dimen103
\Gm@wd@mp=\dimen104
\Gm@odd@mp=\dimen105
\Gm@even@mp=\dimen106
\Gm@layoutwidth=\dimen107
\Gm@layoutheight=\dimen108
\Gm@layouthoffset=\dimen109
\Gm@layoutvoffset=\dimen110
\Gm@dimlist=\toks15

("C:\Program Files\MiKTeX 2.9\tex\latex\geometry\geometry.cfg"))
("C:\Program Files\MiKTeX 2.9\tex\latex\graphics\graphicx.sty"
Package: graphicx 1999/02/16 v1.0f Enhanced LaTeX Graphics (DPC,SPQR)

("C:\Program Files\MiKTeX 2.9\tex\latex\graphics\graphics.sty"
Package: graphics 2009/02/05 v1.0o Standard LaTeX Graphics (DPC,SPQR)

("C:\Program Files\MiKTeX 2.9\tex\latex\graphics\trig.sty"
Package: trig 1999/03/16 v1.09 sin cos tan (DPC)
)
("C:\Program Files\MiKTeX 2.9\tex\latex\00miktex\graphics.cfg"
File: graphics.cfg 2007/01/18 v1.5 graphics configuration of teTeX/TeXLive
)
Package graphics Info: Driver file: pdftex.def on input line 91.

("C:\Program Files\MiKTeX 2.9\tex\latex\pdftex-def\pdftex.def"
File: pdftex.def 2011/05/27 v0.06d Graphics/color for pdfTeX

("C:\Program Files\MiKTeX 2.9\tex\generic\oberdiek\infwarerr.sty"
Package: infwarerr 2010/04/08 v1.3 Providing info/warning/error messages (HO)
)
("C:\Program Files\MiKTeX 2.9\tex\generic\oberdiek\ltxcmds.sty"
Package: ltxcmds 2011/11/09 v1.22 LaTeX kernel commands for general use (HO)
)
\Gread@gobject=\count91
))
\Gin@req@height=\dimen111
\Gin@req@width=\dimen112
)
("C:\Program Files\MiKTeX 2.9\tex\latex\hyperref\hyperref.sty"
Package: hyperref 2012/11/06 v6.83m Hypertext links for LaTeX

("C:\Program Files\MiKTeX 2.9\tex\generic\oberdiek\hobsub-hyperref.sty"
Package: hobsub-hyperref 2012/04/25 v1.12 Bundle oberdiek, subset hyperref (HO)


("C:\Program Files\MiKTeX 2.9\tex\generic\oberdiek\hobsub-generic.sty"
Package: hobsub-generic 2012/04/25 v1.12 Bundle oberdiek, subset generic (HO)
Package: hobsub 2012/04/25 v1.12 Construct package bundles (HO)
Package hobsub Info: Skipping package `infwarerr' (already loaded).
Package hobsub Info: Skipping package `ltxcmds' (already loaded).
Package: ifluatex 2010/03/01 v1.3 Provides the ifluatex switch (HO)
Package ifluatex Info: LuaTeX not detected.
Package hobsub Info: Skipping package `ifvtex' (already loaded).
Package: intcalc 2007/09/27 v1.1 Expandable calculations with integers (HO)
Package hobsub Info: Skipping package `ifpdf' (already loaded).
Package: etexcmds 2011/02/16 v1.5 Avoid name clashes with e-TeX commands (HO)
Package etexcmds Info: Could not find \expanded.
(etexcmds)             That can mean that you are not using pdfTeX 1.50 or
(etexcmds)             that some package has redefined \expanded.
(etexcmds)             In the latter case, load this package earlier.
Package: kvsetkeys 2012/04/25 v1.16 Key value parser (HO)
Package: kvdefinekeys 2011/04/07 v1.3 Define keys (HO)
Package: pdftexcmds 2011/11/29 v0.20 Utility functions of pdfTeX for LuaTeX (HO
)
Package pdftexcmds Info: LuaTeX not detected.
Package pdftexcmds Info: \pdf@primitive is available.
Package pdftexcmds Info: \pdf@ifprimitive is available.
Package pdftexcmds Info: \pdfdraftmode found.
Package: pdfescape 2011/11/25 v1.13 Implements pdfTeX's escape features (HO)
Package: bigintcalc 2012/04/08 v1.3 Expandable calculations on big integers (HO
)
Package: bitset 2011/01/30 v1.1 Handle bit-vector datatype (HO)
Package: uniquecounter 2011/01/30 v1.2 Provide unlimited unique counter (HO)
)
Package hobsub Info: Skipping package `hobsub' (already loaded).
Package: letltxmacro 2010/09/02 v1.4 Let assignment for LaTeX macros (HO)
Package: hopatch 2011/06/24 v1.1 Wrapper for package hooks (HO)
Package: xcolor-patch 2011/01/30 xcolor patch
Package: atveryend 2011/06/30 v1.8 Hooks at the very end of document (HO)
Package atveryend Info: \enddocument detected (standard20110627).
Package: atbegshi 2011/10/05 v1.16 At begin shipout hook (HO)
Package: refcount 2011/10/16 v3.4 Data extraction from label references (HO)
Package: hycolor 2011/01/30 v1.7 Color options for hyperref/bookmark (HO)
)
("C:\Program Files\MiKTeX 2.9\tex\latex\oberdiek\auxhook.sty"
Package: auxhook 2011/03/04 v1.3 Hooks for auxiliary files (HO)
)
("C:\Program Files\MiKTeX 2.9\tex\latex\oberdiek\kvoptions.sty"
Package: kvoptions 2011/06/30 v3.11 Key value format for package options (HO)
)
\@linkdim=\dimen113
\Hy@linkcounter=\count92
\Hy@pagecounter=\count93

("C:\Program Files\MiKTeX 2.9\tex\latex\hyperref\pd1enc.def"
File: pd1enc.def 2012/11/06 v6.83m Hyperref: PDFDocEncoding definition (HO)
)
\Hy@SavedSpaceFactor=\count94

("C:\Program Files\MiKTeX 2.9\tex\latex\00miktex\hyperref.cfg"
File: hyperref.cfg 2002/06/06 v1.2 hyperref configuration of TeXLive
)
Package hyperref Info: Hyper figures OFF on input line 4443.
Package hyperref Info: Link nesting OFF on input line 4448.
Package hyperref Info: Hyper index ON on input line 4451.
Package hyperref Info: Plain pages OFF on input line 4458.
Package hyperref Info: Backreferencing OFF on input line 4463.
Package hyperref Info: Implicit mode ON; LaTeX internals redefined.
Package hyperref Info: Bookmarks ON on input line 4688.
\c@Hy@tempcnt=\count95

("C:\Program Files\MiKTeX 2.9\tex\latex\ltxmisc\url.sty"
\Urlmuskip=\muskip10
Package: url 2006/04/12  ver 3.3  Verb mode for urls, etc.
)
LaTeX Info: Redefining \url on input line 5041.
\XeTeXLinkMargin=\dimen114
\Fld@menulength=\count96
\Field@Width=\dimen115
\Fld@charsize=\dimen116
Package hyperref Info: Hyper figures OFF on input line 6295.
Package hyperref Info: Link nesting OFF on input line 6300.
Package hyperref Info: Hyper index ON on input line 6303.
Package hyperref Info: backreferencing OFF on input line 6310.
Package hyperref Info: Link coloring OFF on input line 6315.
Package hyperref Info: Link coloring with OCG OFF on input line 6320.
Package hyperref Info: PDF/A mode OFF on input line 6325.
LaTeX Info: Redefining \ref on input line 6365.
LaTeX Info: Redefining \pageref on input line 6369.
\Hy@abspage=\count97
\c@Item=\count98
\c@Hfootnote=\count99
)

Package hyperref Message: Driver (autodetected): hpdftex.

("C:\Program Files\MiKTeX 2.9\tex\latex\hyperref\hpdftex.def"
File: hpdftex.def 2012/11/06 v6.83m Hyperref driver for pdfTeX
\Fld@listcount=\count100
\c@bookmark@seq@number=\count101

("C:\Program Files\MiKTeX 2.9\tex\latex\oberdiek\rerunfilecheck.sty"
Package: rerunfilecheck 2011/04/15 v1.7 Rerun checks for auxiliary files (HO)
Package uniquecounter Info: New unique counter `rerunfilecheck' on input line 2
82.
)
\Hy@SectionHShift=\skip43
)
("C:\Program Files\MiKTeX 2.9\tex\latex\fancyvrb\fancyvrb.sty"
Package: fancyvrb 2008/02/07

Style option: `fancyvrb' v2.7a, with DG/SPQR fixes, and firstline=lastline fix 
<2008/02/07> (tvz)
\FV@CodeLineNo=\count102
\FV@InFile=\read1
\FV@TabBox=\box26
\c@FancyVerbLine=\count103
\FV@StepNumber=\count104
\FV@OutFile=\write3
)
("C:\Program Files\MiKTeX 2.9\tex\latex\fancyhdr\fancyhdr.sty"
\fancy@headwidth=\skip44
\f@ncyO@elh=\skip45
\f@ncyO@erh=\skip46
\f@ncyO@olh=\skip47
\f@ncyO@orh=\skip48
\f@ncyO@elf=\skip49
\f@ncyO@erf=\skip50
\f@ncyO@olf=\skip51
\f@ncyO@orf=\skip52
)
("E:\Bachelor\LaTeX\Static Analysis source\static-analysis.aux")
LaTeX Font Info:    Checking defaults for OML/cmm/m/it on input line 23.
LaTeX Font Info:    ... okay on input line 23.
LaTeX Font Info:    Checking defaults for T1/cmr/m/n on input line 23.
LaTeX Font Info:    ... okay on input line 23.
LaTeX Font Info:    Checking defaults for OT1/cmr/m/n on input line 23.
LaTeX Font Info:    ... okay on input line 23.
LaTeX Font Info:    Checking defaults for OMS/cmsy/m/n on input line 23.
LaTeX Font Info:    ... okay on input line 23.
LaTeX Font Info:    Checking defaults for OMX/cmex/m/n on input line 23.
LaTeX Font Info:    ... okay on input line 23.
LaTeX Font Info:    Checking defaults for U/cmr/m/n on input line 23.
LaTeX Font Info:    ... okay on input line 23.
LaTeX Font Info:    Checking defaults for PD1/pdf/m/n on input line 23.
LaTeX Font Info:    ... okay on input line 23.

*geometry* driver: auto-detecting
*geometry* detected driver: pdftex
*geometry* verbose mode - [ preamble ] result:
* driver: pdftex
* paper: <default>
* layout: <same size as paper>
* layoutoffset:(h,v)=(0.0pt,0.0pt)
* modes: 
* h-part:(L,W,R)=(92.14519pt, 430.00462pt, 92.14519pt)
* v-part:(T,H,B)=(108.405pt, 578.15999pt, 108.405pt)
* \paperwidth=614.295pt
* \paperheight=794.96999pt
* \textwidth=430.00462pt
* \textheight=625.96062pt
* \oddsidemargin=19.8752pt
* \evensidemargin=19.8752pt
* \topmargin=-0.86499pt
* \headheight=12.0pt
* \headsep=25.0pt
* \topskip=11.0pt
* \footskip=30.0pt
* \marginparwidth=59.0pt
* \marginparsep=10.0pt
* \columnsep=10.0pt
* \skip\footins=10.0pt plus 4.0pt minus 2.0pt
* \hoffset=0.0pt
* \voffset=0.0pt
* \mag=1000
* \@twocolumnfalse
* \@twosidefalse
* \@mparswitchfalse
* \@reversemarginfalse
* (1in=72.27pt=25.4mm, 1cm=28.453pt)

("C:\Program Files\MiKTeX 2.9\tex\context\base\supp-pdf.mkii"
[Loading MPS to PDF converter (version 2006.09.02).]
\scratchcounter=\count105
\scratchdimen=\dimen117
\scratchbox=\box27
\nofMPsegments=\count106
\nofMParguments=\count107
\everyMPshowfont=\toks16
\MPscratchCnt=\count108
\MPscratchDim=\dimen118
\MPnumerator=\count109
\makeMPintoPDFobject=\count110
\everyMPtoPDFconversion=\toks17
)
\AtBeginShipoutBox=\box28
Package hyperref Info: Link coloring OFF on input line 23.
 ("C:\Program Files\MiKTeX 2.9\tex\latex\hyperref\nameref.sty"
Package: nameref 2012/10/27 v2.43 Cross-referencing by name of section

("C:\Program Files\MiKTeX 2.9\tex\generic\oberdiek\gettitlestring.sty"
Package: gettitlestring 2010/12/03 v1.4 Cleanup title references (HO)
)
\c@section@level=\count111
)
LaTeX Info: Redefining \ref on input line 23.
LaTeX Info: Redefining \pageref on input line 23.
LaTeX Info: Redefining \nameref on input line 23.

("E:\Bachelor\LaTeX\Static Analysis source\static-analysis.out")
("E:\Bachelor\LaTeX\Static Analysis source\static-analysis.out")
\@outlinefile=\write4

<GUClogo.pdf, id=103, 270.00874pt x 258.9675pt>
File: GUClogo.pdf Graphic file (type pdf)
 <use GUClogo.pdf>
Package pdftex.def Info: GUClogo.pdf used on input line 26.
(pdftex.def)             Requested size: 67.50201pt x 64.7417pt.

<DHBWlogo.png, id=104, 246.6816pt x 185.0112pt>
File: DHBWlogo.png Graphic file (type png)
 <use DHBWlogo.png>
Package pdftex.def Info: DHBWlogo.png used on input line 32.
(pdftex.def)             Requested size: 185.01073pt x 138.75806pt.


LaTeX Font Warning: Font shape `OT1/cmr/bx/sc' undefined
(Font)              using `OT1/cmr/bx/n' instead on input line 40.


Package Fancyhdr Warning: \headheight is too small (12.0pt): 
 Make it at least 13.59999pt.
 We now make it that large for the rest of the document.
 This may cause the page layout to be inconsistent, however.

[1

{C:/ProgramData/MiKTeX/2.9/pdftex/config/pdftex.map} <E:/Bachelor/LaTeX/Static 
Analysis source/GUClogo.pdf> <E:/Bachelor/LaTeX/Static Analysis source/DHBWlogo
.png>]
LaTeX Font Info:    External font `cmex10' loaded for size
(Font)              <14.4> on input line 61.
LaTeX Font Info:    External font `cmex10' loaded for size
(Font)              <7> on input line 61.

Underfull \hbox (badness 10000) in paragraph at lines 68--69

 []


Underfull \hbox (badness 10000) in paragraph at lines 70--71

 []


Underfull \hbox (badness 10000) in paragraph at lines 72--73

 []

[2] ("E:\Bachelor\LaTeX\Static Analysis source\static-analysis.toc"
LaTeX Font Info:    External font `cmex10' loaded for size
(Font)              <10.95> on input line 3.
LaTeX Font Info:    External font `cmex10' loaded for size
(Font)              <8> on input line 3.
LaTeX Font Info:    External font `cmex10' loaded for size
(Font)              <6> on input line 3.
)
\tf@toc=\write5
 [3

]
Chapter 1.
[4

] [5]
Chapter 2.

Overfull \hbox (6.89565pt too wide) in paragraph at lines 146--165
\OT1/cmtt/m/n/10.95 ~< Result: 304140932017133780436126081660647688443776415689
6051200000000 >~ 
 []


Underfull \hbox (badness 10000) in paragraph at lines 146--165

 []

[6

]
Underfull \hbox (badness 10000) in paragraph at lines 166--177

 []


Underfull \hbox (badness 10000) in paragraph at lines 178--188

 []


Overfull \hbox (62.01405pt too wide) in paragraph at lines 196--197
\OT1/cmr/m/n/10.95 It pro-vides some op-er-a-tors to cre-ate boolean ex-pres-si
ons as well such as \OT1/cmtt/m/n/10.95 ">","<","==","!=","<=",">="\OT1/cmr/m/n
/10.95 . 
 []

LaTeX Font Info:    Try loading font information for OMS+cmtt on input line 208
.
LaTeX Font Info:    No file OMScmtt.fd. on input line 208.

LaTeX Font Warning: Font shape `OMS/cmtt/m/n' undefined
(Font)              using `OMS/cmsy/m/n' instead
(Font)              for symbol `textbraceleft' on input line 208.


Underfull \hbox (badness 10000) in paragraph at lines 199--244

 []

[7]
Underfull \hbox (badness 10000) in paragraph at lines 254--292

 []

[8]
Underfull \hbox (badness 10000) in paragraph at lines 298--300

 []

[9]
Underfull \hbox (badness 10000) in paragraph at lines 348--350

 []


Underfull \hbox (badness 10000) in paragraph at lines 357--378

 []


Underfull \hbox (badness 10000) in paragraph at lines 357--378

 []


Underfull \hbox (badness 10000) in paragraph at lines 381--386

 []

[10] <binary-tree.png, id=238, 350.81062pt x 200.24812pt>
File: binary-tree.png Graphic file (type png)

<use binary-tree.png>
Package pdftex.def Info: binary-tree.png used on input line 403.
(pdftex.def)             Requested size: 350.80975pt x 200.24763pt.
 [11 <E:/Bachelor/LaTeX/Static Analysis source/binary-tree.png>]
Underfull \hbox (badness 10000) in paragraph at lines 478--500

 []

[12]
Underfull \hbox (badness 10000) in paragraph at lines 537--548

 []


Underfull \hbox (badness 10000) in paragraph at lines 537--548

 []

[13]
Overfull \hbox (2.43874pt too wide) in paragraph at lines 606--607
\OT1/cmr/m/n/10.95 called \OT1/cmr/m/sl/10.95 string-matching\OT1/cmr/m/n/10.95
 . One ex-am-ple for it is shown in Fig-ure []2.6[]. Call-ing \OT1/cmtt/m/n/10.
95 reverse("abc");
 []

[14] [15]

LaTeX Warning: Text page 16 contains only floats.

[16] [17]
Overfull \hbox (10.54976pt too wide) in paragraph at lines 845--846
\OT1/cmr/m/n/10.95 given in Fig-ure []2.13[] which ex-tracts parts of a phone-c
ode in the for-mat of \OT1/cmtt/m/n/10.95 +49-711-6673-4504
 []

[18]
Underfull \hbox (badness 10000) in paragraph at lines 871--879

 []


Underfull \hbox (badness 10000) in paragraph at lines 989--991

 []

[19]

LaTeX Warning: Text page 20 contains only floats.


Overfull \vbox (1.6364pt too high) has occurred while \output is active []


[20] [21]
Overfull \hbox (0.98068pt too wide) in paragraph at lines 1027--1028
\OT1/cmr/m/sc/10.95 setlX \OT1/cmr/m/n/10.95 sup-ports some ba-sic means of []\
OT1/cmr/m/it/10.95 object-oriented pro-gram-ming[] \OT1/cmr/m/n/10.95 most im-p
or-tantly classes.
 []

[22]
Underfull \hbox (badness 10000) in paragraph at lines 1128--1136

 []

[23] [24] [25] [26]
Overfull \hbox (51.51677pt too wide) in paragraph at lines 1354--1354
 []              \OT1/cmtt/m/n/10.95 ^assignment(^variable("z"), ^sum(^variable
("x"), ^variable("y")))[] 
 []

[27]
Chapter 3.

Underfull \hbox (badness 10000) in paragraph at lines 1361--1368

 []

[28

]
Overfull \hbox (2.23541pt too wide) in paragraph at lines 1436--1437
\OT1/cmr/m/n/10.95 into the vari-able \OT1/cmtt/m/n/10.95 prefix\OT1/cmr/m/n/10
.95 . For ex-am-ple the pre-fix in the file name \OT1/cmtt/m/n/10.95 /User/exam
ple.stlx
 []

[29] [30] [31]
Underfull \hbox (badness 10000) in paragraph at lines 1512--1514

 []

[32]
Overfull \hbox (32.2974pt too wide) in paragraph at lines 1574--1575
\OT1/cmr/m/n/10.95 be-fore or not, if they were not de-fined be-fore, the boole
an vari-able \OT1/cmtt/m/n/10.95 allVariablesAreDefined
 []


Overfull \hbox (40.87308pt too wide) in paragraph at lines 1628--1629
\OT1/cmtt/m/n/10.95 checkProcedure \OT1/cmr/m/n/10.95 func-tion is given the cl
ass vari-ables \OT1/cmtt/m/n/10.95 allClassesIdentities[className][2]
 []


Underfull \hbox (badness 10000) in paragraph at lines 1640--1643

 []


Underfull \hbox (badness 10000) in paragraph at lines 1640--1643

 []

[33] [34] [35]
Overfull \hbox (20.16135pt too wide) in paragraph at lines 1718--1726
[]\OT1/cmr/m/n/10.95 Then the de-fined vari-ables of the state-ment are ex-trac
ted us-ing the \OT1/cmtt/m/n/10.95 addDefinedVariables
 []


Underfull \hbox (badness 10000) in paragraph at lines 1718--1726

 []


Underfull \hbox (badness 10000) in paragraph at lines 1730--1732

 []

[36]
Underfull \hbox (badness 10000) in paragraph at lines 1776--1778

 []


Underfull \hbox (badness 10000) in paragraph at lines 1802--1804

 []

[37] [38] [39] [40]
Underfull \hbox (badness 10000) in paragraph at lines 1978--1980

 []


Underfull \hbox (badness 10000) in paragraph at lines 1981--1998

 []

[41]
Underfull \hbox (badness 10000) in paragraph at lines 1999--2003

 []


Underfull \hbox (badness 10000) in paragraph at lines 2004--2007

 []


Underfull \hbox (badness 10000) in paragraph at lines 2004--2007

 []


Overfull \hbox (5.52936pt too wide) in paragraph at lines 2030--2036
\OT1/cmr/m/n/10.95 The func-tion \OT1/cmtt/m/n/10.95 identifyAllProcedures \OT1
/cmr/m/n/10.95 with the help of the func-tion \OT1/cmtt/m/n/10.95 getProcedureI
dentity
 []

[42]
Underfull \hbox (badness 10000) in paragraph at lines 2069--2074

 []

[43]
Overfull \hbox (78.34569pt too wide) in paragraph at lines 2083--2084
[]\OT1/cmtt/m/n/10.95 getProcedureIdentity \OT1/cmr/m/n/10.95 : which helps mai
nly the \OT1/cmtt/m/n/10.95 identifyAllProcedures \OT1/cmr/m/n/10.95 and \OT1/c
mtt/m/n/10.95 identifyAllClasses
 []

[44]
Chapter 4.

Underfull \hbox (badness 10000) in paragraph at lines 2090--2097

 []

[45

] [46]
Chapter 5.
[47

] [48] [49] ("E:\Bachelor\LaTeX\Static Analysis source\static-analysis.bbl"
[50])
Package atveryend Info: Empty hook `BeforeClearDocument' on input line 2412.
 [51

]
Package atveryend Info: Empty hook `AfterLastShipout' on input line 2412.
 ("E:\Bachelor\LaTeX\Static Analysis source\static-analysis.aux")
Package atveryend Info: Executing hook `AtVeryEndDocument' on input line 2412.
Package atveryend Info: Executing hook `AtEndAfterFileList' on input line 2412.

Package rerunfilecheck Info: File `static-analysis.out' has not changed.
(rerunfilecheck)             Checksum: C4D958CFC289E8D550AA2E6F4154ACC3;1639.


LaTeX Font Warning: Some font shapes were not available, defaults substituted.

Package atveryend Info: Empty hook `AtVeryVeryEnd' on input line 2412.
 ) 
Here is how much of TeX's memory you used:
 6288 strings out of 493921
 91667 string characters out of 3147282
 187164 words of memory out of 3000000
 9257 multiletter control sequences out of 15000+200000
 10792 words of font info for 39 fonts, out of 3000000 for 9000
 841 hyphenation exceptions out of 8191
 30i,11n,43p,1405b,488s stack positions out of 5000i,500n,10000p,200000b,50000s
<C:/Program Files/MiKTeX 2.9/fonts/type1/public/amsfonts/cm/cmbx10.pfb><C:/Pr
ogram Files/MiKTeX 2.9/fonts/type1/public/amsfonts/cm/cmbx12.pfb><C:/Program Fi
les/MiKTeX 2.9/fonts/type1/public/amsfonts/cm/cmcsc10.pfb><C:/Program Files/MiK
TeX 2.9/fonts/type1/public/amsfonts/cm/cmex10.pfb><C:/Program Files/MiKTeX 2.9/
fonts/type1/public/amsfonts/cm/cmmi10.pfb><C:/Program Files/MiKTeX 2.9/fonts/ty
pe1/public/amsfonts/cm/cmmi8.pfb><C:/Program Files/MiKTeX 2.9/fonts/type1/publi
c/amsfonts/cm/cmr10.pfb><C:/Program Files/MiKTeX 2.9/fonts/type1/public/amsfont
s/cm/cmr12.pfb><C:/Program Files/MiKTeX 2.9/fonts/type1/public/amsfonts/cm/cmr6
.pfb><C:/Program Files/MiKTeX 2.9/fonts/type1/public/amsfonts/cm/cmr8.pfb><C:/P
rogram Files/MiKTeX 2.9/fonts/type1/public/amsfonts/cm/cmsl10.pfb><C:/Program F
iles/MiKTeX 2.9/fonts/type1/public/amsfonts/cm/cmsltt10.pfb><C:/Program Files/M
iKTeX 2.9/fonts/type1/public/amsfonts/cm/cmsy10.pfb><C:/Program Files/MiKTeX 2.
9/fonts/type1/public/amsfonts/cm/cmti10.pfb><C:/Program Files/MiKTeX 2.9/fonts/
type1/public/amsfonts/cm/cmtt10.pfb>
Output written on static-analysis.pdf (51 pages, 452252 bytes).
PDF statistics:
 727 PDF objects out of 1000 (max. 8388607)
 283 named destinations out of 1000 (max. 500000)
 216 words of extra memory for PDF output out of 10000 (max. 10000000)

