\BOOKMARK [0][-]{chapter.1}{Introduction}{}% 1
\BOOKMARK [0][-]{chapter.2}{Introducing setlX}{}% 2
\BOOKMARK [1][-]{section.2.1}{SetlX Data Types}{chapter.2}% 3
\BOOKMARK [1][-]{section.2.2}{Statements in setlX}{chapter.2}% 4
\BOOKMARK [1][-]{section.2.3}{Regular Expressions}{chapter.2}% 5
\BOOKMARK [1][-]{section.2.4}{Functional Programming}{chapter.2}% 6
\BOOKMARK [1][-]{section.2.5}{Exceptions and Backtracking}{chapter.2}% 7
\BOOKMARK [1][-]{section.2.6}{Objects and Classes}{chapter.2}% 8
\BOOKMARK [1][-]{section.2.7}{Predefined Functions}{chapter.2}% 9
\BOOKMARK [0][-]{chapter.3}{Implementation}{}% 10
\BOOKMARK [1][-]{section.3.1}{main Function}{chapter.3}% 11
\BOOKMARK [1][-]{section.3.2}{checkCode Function}{chapter.3}% 12
\BOOKMARK [1][-]{section.3.3}{addDefinedVariables Function}{chapter.3}% 13
\BOOKMARK [1][-]{section.3.4}{getUsedVariables Function}{chapter.3}% 14
\BOOKMARK [1][-]{section.3.5}{identifyAllClasses Function}{chapter.3}% 15
\BOOKMARK [1][-]{section.3.6}{identifyAllProcedures Function}{chapter.3}% 16
\BOOKMARK [1][-]{section.3.7}{checkProcedure Function}{chapter.3}% 17
\BOOKMARK [1][-]{section.3.8}{getProcedureParameters Function}{chapter.3}% 18
\BOOKMARK [1][-]{section.3.9}{analyzeAllLoadedFiles Function}{chapter.3}% 19
\BOOKMARK [1][-]{section.3.10}{getMatchedVariables Function}{chapter.3}% 20
\BOOKMARK [1][-]{section.3.11}{Helper Functions}{chapter.3}% 21
\BOOKMARK [0][-]{chapter.4}{Regression Tests}{}% 22
